<?xml version="1.0" encoding="UTF-8"?>
<testng-results ignored="0" total="0" passed="0" failed="0" skipped="0">
  <reporter-output>
  </reporter-output>
  <suite started-at="2025-02-03T22:32:48 IST" name="Surefire suite" finished-at="2025-02-03T22:33:21 IST" duration-ms="32875">
    <groups>
    </groups>
    <test started-at="2025-02-03T22:32:48 IST" name="Surefire test" finished-at="2025-02-03T22:33:21 IST" duration-ms="32875">
      <class name="com.base.BaseTest">
        <test-method is-config="true" signature="invoke()[pri:0, instance:com.base.BaseTest@10db82ae]" started-at="2025-02-03T22:32:48 IST" name="invoke" finished-at="2025-02-03T22:33:21 IST" duration-ms="32793" status="PASS">
          <reporter-output>
          </reporter-output>
        </test-method> <!-- invoke -->
        <test-method is-config="true" signature="closeBrowser()[pri:0, instance:com.base.BaseTest@10db82ae]" started-at="2025-02-03T22:33:21 IST" name="closeBrowser" finished-at="2025-02-03T22:33:21 IST" duration-ms="36" status="PASS">
          <reporter-output>
          </reporter-output>
        </test-method> <!-- closeBrowser -->
      </class> <!-- com.base.BaseTest -->
    </test> <!-- Surefire test -->
  </suite> <!-- Surefire suite -->
</testng-results>
