<?xml version="1.0" encoding="UTF-8"?>
<testng-results ignored="0" total="1" passed="1" failed="0" skipped="0">
  <reporter-output>
  </reporter-output>
  <suite started-at="2025-02-03T00:40:54 IST" name="Default suite" finished-at="2025-02-03T00:41:21 IST" duration-ms="26818">
    <groups>
    </groups>
    <test started-at="2025-02-03T00:40:54 IST" name="Default test" finished-at="2025-02-03T00:41:21 IST" duration-ms="26818">
      <class name="com.testcases.LoginTC">
        <test-method is-config="true" signature="invoke()[pri:0, instance:com.testcases.LoginTC@692f203f]" started-at="2025-02-03T00:40:54 IST" name="invoke" finished-at="2025-02-03T00:41:21 IST" duration-ms="26492" status="PASS">
          <reporter-output>
          </reporter-output>
        </test-method> <!-- invoke -->
        <test-method signature="loginWithValidCredentials()[pri:0, instance:com.testcases.LoginTC@692f203f]" started-at="2025-02-03T00:41:21 IST" name="loginWithValidCredentials" finished-at="2025-02-03T00:41:21 IST" duration-ms="149" status="PASS">
          <reporter-output>
          </reporter-output>
        </test-method> <!-- loginWithValidCredentials -->
        <test-method is-config="true" signature="closeBrowser()[pri:0, instance:com.testcases.LoginTC@692f203f]" started-at="2025-02-03T00:41:21 IST" name="closeBrowser" finished-at="2025-02-03T00:41:21 IST" duration-ms="31" status="PASS">
          <reporter-output>
          </reporter-output>
        </test-method> <!-- closeBrowser -->
      </class> <!-- com.testcases.LoginTC -->
    </test> <!-- Default test -->
  </suite> <!-- Default suite -->
</testng-results>
