<?xml version="1.0" encoding="UTF-8"?>
<testng-results ignored="0" total="2" passed="2" failed="0" skipped="0">
  <reporter-output>
  </reporter-output>
  <suite started-at="2025-02-03T22:33:50 IST" name="Suite" finished-at="2025-02-03T22:34:37 IST" duration-ms="46668">
    <groups>
    </groups>
    <test started-at="2025-02-03T22:33:50 IST" name="LoginTC" finished-at="2025-02-03T22:34:37 IST" duration-ms="46668">
      <class name="com.testcases.LoginTC">
        <test-method is-config="true" signature="invoke()[pri:0, instance:com.testcases.LoginTC@48f2bd5b]" started-at="2025-02-03T22:33:50 IST" name="invoke" finished-at="2025-02-03T22:34:31 IST" duration-ms="40593" status="PASS">
          <reporter-output>
          </reporter-output>
        </test-method> <!-- invoke -->
        <test-method signature="loginWithWrongCredentials()[pri:1, instance:com.testcases.LoginTC@48f2bd5b]" started-at="2025-02-03T22:34:31 IST" name="loginWithWrongCredentials" finished-at="2025-02-03T22:34:34 IST" duration-ms="2998" status="PASS">
          <reporter-output>
          </reporter-output>
        </test-method> <!-- loginWithWrongCredentials -->
        <test-method signature="loginWithValidCredentials()[pri:2, instance:com.testcases.LoginTC@48f2bd5b]" started-at="2025-02-03T22:34:34 IST" name="loginWithValidCredentials" finished-at="2025-02-03T22:34:37 IST" duration-ms="2942" status="PASS">
          <reporter-output>
          </reporter-output>
        </test-method> <!-- loginWithValidCredentials -->
        <test-method is-config="true" signature="closeBrowser()[pri:0, instance:com.testcases.LoginTC@48f2bd5b]" started-at="2025-02-03T22:34:37 IST" name="closeBrowser" finished-at="2025-02-03T22:34:37 IST" duration-ms="32" status="PASS">
          <reporter-output>
          </reporter-output>
        </test-method> <!-- closeBrowser -->
      </class> <!-- com.testcases.LoginTC -->
    </test> <!-- LoginTC -->
  </suite> <!-- Suite -->
</testng-results>
